<?xml version="1.0" encoding="UTF-8"?>
<!-- Generated by org.testng.reporters.JUnitXMLReporter -->
<testsuite ignored="0" hostname="LTIN469616" failures="0" tests="12" name="Test2" time="264.706" errors="0" timestamp="2024-11-08T12:38:19 IST">
  <testcase classname="TestCases.TC_01_HospitalList" name="validationoftitle" time="0.252"/>
  <testcase classname="TestCases.TC_01_HospitalList" name="searchforhospitals" time="5.02"/>
  <testcase classname="TestCases.TC_01_HospitalList" name="locationsearch" time="1.108"/>
  <testcase classname="TestCases.TC_01_HospitalList" name="HospitalList" time="41.729"/>
  <testcase classname="TestCases.TC_02_DiagnosticPage" name="valiationfortitleTC2" time="0.261"/>
  <testcase classname="TestCases.TC_02_DiagnosticPage" name="diagnosticclick" time="57.836"/>
  <testcase classname="TestCases.TC_02_DiagnosticPage" name="validationfordiagnosticpage" time="0.431"/>
  <testcase classname="TestCases.TC_02_DiagnosticPage" name="topcitiesdisplay" time="0.377"/>
  <testcase classname="TestCases.TC__03_HealthandWellnessPage" name="click" time="8.92"/>
  <testcase classname="TestCases.TC__03_HealthandWellnessPage" name="clickAgainWithExcelData" time="8.032"/>
  <testcase classname="TestCases.TC__03_HealthandWellnessPage" name="clickOnceAgain" time="21.124"/>
  <testcase classname="TestCases.TC__03_HealthandWellnessPage" name="validate_Thankyou" time="0.049"/>
</testsuite> <!-- Test2 -->
