<?xml version="1.0" encoding="UTF-8"?>
<!-- Generated by org.testng.reporters.JUnitXMLReporter -->
<testsuite ignored="0" hostname="LTIN469616" failures="0" tests="4" name="Test1" time="19.373" errors="0" timestamp="2024-11-11T14:08:16 IST">
  <testcase classname="TestCases.TC_02_DiagnosticPage" name="valiationfortitleTC2" time="0.508"/>
  <testcase classname="TestCases.TC_02_DiagnosticPage" name="diagnosticclick" time="4.197"/>
  <testcase classname="TestCases.TC_02_DiagnosticPage" name="validationfordiagnosticpage" time="0.348"/>
  <testcase classname="TestCases.TC_02_DiagnosticPage" name="topcitiesdisplay" time="2.075"/>
</testsuite> <!-- Test1 -->
