<?xml version="1.0" encoding="UTF-8"?>
<testng-results ignored="0" total="4" passed="4" failed="0" skipped="0">
  <reporter-output>
  </reporter-output>
  <suite started-at="2024-11-11T14:07:56 IST" name="Suite" finished-at="2024-11-11T14:08:15 IST" duration-ms="19373">
    <groups>
      <group name="regression">
        <method signature="TC_02_DiagnosticPage.valiationfortitleTC2()[pri:1, instance:TestCases.TC_02_DiagnosticPage@7c137fd5]" name="valiationfortitleTC2" class="TestCases.TC_02_DiagnosticPage"/>
        <method signature="TC_02_DiagnosticPage.diagnosticclick()[pri:2, instance:TestCases.TC_02_DiagnosticPage@7c137fd5]" name="diagnosticclick" class="TestCases.TC_02_DiagnosticPage"/>
        <method signature="TC_02_DiagnosticPage.validationfordiagnosticpage()[pri:3, instance:TestCases.TC_02_DiagnosticPage@7c137fd5]" name="validationfordiagnosticpage" class="TestCases.TC_02_DiagnosticPage"/>
        <method signature="TC_02_DiagnosticPage.topcitiesdisplay()[pri:4, instance:TestCases.TC_02_DiagnosticPage@7c137fd5]" name="topcitiesdisplay" class="TestCases.TC_02_DiagnosticPage"/>
      </group> <!-- regression -->
      <group name="master">
        <method signature="TC_02_DiagnosticPage.valiationfortitleTC2()[pri:1, instance:TestCases.TC_02_DiagnosticPage@7c137fd5]" name="valiationfortitleTC2" class="TestCases.TC_02_DiagnosticPage"/>
        <method signature="TC_02_DiagnosticPage.diagnosticclick()[pri:2, instance:TestCases.TC_02_DiagnosticPage@7c137fd5]" name="diagnosticclick" class="TestCases.TC_02_DiagnosticPage"/>
      </group> <!-- master -->
    </groups>
    <test started-at="2024-11-11T14:07:56 IST" name="Test1" finished-at="2024-11-11T14:08:15 IST" duration-ms="19373">
      <class name="TestCases.TC_02_DiagnosticPage">
        <test-method is-config="true" signature="getDriver(java.lang.String)[pri:0, instance:TestCases.TC_02_DiagnosticPage@7c137fd5]" started-at="2024-11-11T14:07:57 IST" name="getDriver" finished-at="2024-11-11T14:08:07 IST" duration-ms="10408" status="PASS">
          <params>
            <param index="0">
              <value>
                <![CDATA[chrome]]>
              </value>
            </param>
          </params>
          <reporter-output>
          </reporter-output>
        </test-method> <!-- getDriver -->
        <test-method signature="valiationfortitleTC2()[pri:1, instance:TestCases.TC_02_DiagnosticPage@7c137fd5]" started-at="2024-11-11T14:08:07 IST" name="valiationfortitleTC2" finished-at="2024-11-11T14:08:07 IST" duration-ms="508" status="PASS">
          <reporter-output>
          </reporter-output>
        </test-method> <!-- valiationfortitleTC2 -->
        <test-method signature="diagnosticclick()[pri:2, instance:TestCases.TC_02_DiagnosticPage@7c137fd5]" started-at="2024-11-11T14:08:07 IST" name="diagnosticclick" finished-at="2024-11-11T14:08:12 IST" duration-ms="4197" status="PASS">
          <reporter-output>
          </reporter-output>
        </test-method> <!-- diagnosticclick -->
        <test-method signature="validationfordiagnosticpage()[pri:3, instance:TestCases.TC_02_DiagnosticPage@7c137fd5]" started-at="2024-11-11T14:08:12 IST" name="validationfordiagnosticpage" finished-at="2024-11-11T14:08:12 IST" duration-ms="348" status="PASS">
          <reporter-output>
          </reporter-output>
        </test-method> <!-- validationfordiagnosticpage -->
        <test-method signature="topcitiesdisplay()[pri:4, instance:TestCases.TC_02_DiagnosticPage@7c137fd5]" started-at="2024-11-11T14:08:12 IST" name="topcitiesdisplay" finished-at="2024-11-11T14:08:14 IST" duration-ms="2075" status="PASS">
          <reporter-output>
          </reporter-output>
        </test-method> <!-- topcitiesdisplay -->
        <test-method is-config="true" signature="teardown()[pri:0, instance:TestCases.TC_02_DiagnosticPage@7c137fd5]" started-at="2024-11-11T14:08:14 IST" name="teardown" finished-at="2024-11-11T14:08:15 IST" duration-ms="1220" status="PASS">
          <reporter-output>
          </reporter-output>
        </test-method> <!-- teardown -->
      </class> <!-- TestCases.TC_02_DiagnosticPage -->
    </test> <!-- Test1 -->
  </suite> <!-- Suite -->
</testng-results>
